c:\users\paion\onedrive\desktop\page\page\engine\page\page\intermediate\debug\page.pch
c:\users\paion\onedrive\desktop\page\page\engine\page\page\intermediate\debug\vc143.pdb
c:\users\paion\onedrive\desktop\page\page\engine\page\page\intermediate\debug\vc143.idb
c:\users\paion\onedrive\desktop\page\page\engine\page\page\intermediate\debug\page.obj
c:\users\paion\onedrive\desktop\page\page\engine\page\page\intermediate\debug\iapplication.obj
c:\users\paion\onedrive\desktop\page\page\engine\page\page\intermediate\debug\logger.obj
c:\users\paion\onedrive\desktop\page\page\engine\page\page\intermediate\debug\pergamesettings.obj
c:\users\paion\onedrive\desktop\page\page\engine\page\page\intermediate\debug\time.obj
c:\users\paion\onedrive\desktop\page\page\engine\page\build\page\debug\page.lib
c:\users\paion\onedrive\desktop\page\page\engine\page\build\page\debug\page.exp
c:\users\paion\onedrive\desktop\page\page\engine\page\build\page\debug\page.dll
c:\users\paion\onedrive\desktop\page\page\engine\page\page\intermediate\debug\page.ilk
c:\users\paion\onedrive\desktop\page\page\engine\page\build\page\debug\page.pdb
c:\users\paion\onedrive\desktop\page\page\engine\page\\build\page\debug\page.pdb
c:\users\paion\onedrive\desktop\page\page\engine\page\\page\intermediate\debug\page.vcxproj.filelistabsolute.txt
c:\users\paion\onedrive\desktop\page\page\engine\page\page\intermediate\debug\page.tlog\cl.command.1.tlog
c:\users\paion\onedrive\desktop\page\page\engine\page\page\intermediate\debug\page.tlog\cl.read.1.tlog
c:\users\paion\onedrive\desktop\page\page\engine\page\page\intermediate\debug\page.tlog\cl.write.1.tlog
c:\users\paion\onedrive\desktop\page\page\engine\page\page\intermediate\debug\page.tlog\link.command.1.tlog
c:\users\paion\onedrive\desktop\page\page\engine\page\page\intermediate\debug\page.tlog\link.read.1.tlog
c:\users\paion\onedrive\desktop\page\page\engine\page\page\intermediate\debug\page.tlog\link.write.1.tlog
c:\users\paion\onedrive\desktop\page\page\engine\page\page\intermediate\debug\page.tlog\link.write.2u.tlog
