  CmdLineArgs.cpp
C:\Users\paion\OneDrive\Desktop\PAGE\PAGE\Engine\PAGE\PAGE\Source\Platform\Win32\SubObject.h(20,12): warning C4251: 'Win32::SubObject::m_Class': class 'std::basic_string<wchar_t,std::char_traits<wchar_t>,std::allocator<wchar_t>>' needs to have dll-interface to be used by clients of class 'Win32::SubObject'
C:\Program Files\Microsoft Visual Studio\2022\Community\VC\Tools\MSVC\14.35.32215\include\xstring(5301,29): message : see declaration of 'std::basic_string<wchar_t,std::char_traits<wchar_t>,std::allocator<wchar_t>>'
C:\Users\paion\OneDrive\Desktop\PAGE\PAGE\Engine\PAGE\PAGE\Source\Platform\Win32\SubObject.h(21,12): warning C4251: 'Win32::SubObject::m_Title': class 'std::basic_string<wchar_t,std::char_traits<wchar_t>,std::allocator<wchar_t>>' needs to have dll-interface to be used by clients of class 'Win32::SubObject'
C:\Program Files\Microsoft Visual Studio\2022\Community\VC\Tools\MSVC\14.35.32215\include\xstring(5301,29): message : see declaration of 'std::basic_string<wchar_t,std::char_traits<wchar_t>,std::allocator<wchar_t>>'
C:\Users\paion\OneDrive\Desktop\PAGE\PAGE\Engine\PAGE\PAGE\Source\Platform\Win32\Window.h(10,73): warning C4275: non dll-interface class 'Win32::Caption' used as base for dll-interface class 'Win32::Window'
C:\Users\paion\OneDrive\Desktop\PAGE\PAGE\Engine\PAGE\PAGE\Source\Platform\Win32\w32Caption.h(8,8): message : see declaration of 'Win32::Caption'
C:\Users\paion\OneDrive\Desktop\PAGE\PAGE\Engine\PAGE\PAGE\Source\Platform\Win32\Window.h(10,17): message : see declaration of 'Win32::Window'
  Logger.cpp
C:\Users\paion\OneDrive\Desktop\PAGE\PAGE\Engine\PAGE\PAGE\Source\Platform\Win32\SubObject.h(20,12): warning C4251: 'Win32::SubObject::m_Class': class 'std::basic_string<wchar_t,std::char_traits<wchar_t>,std::allocator<wchar_t>>' needs to have dll-interface to be used by clients of class 'Win32::SubObject'
C:\Program Files\Microsoft Visual Studio\2022\Community\VC\Tools\MSVC\14.35.32215\include\xstring(5301,29): message : see declaration of 'std::basic_string<wchar_t,std::char_traits<wchar_t>,std::allocator<wchar_t>>'
C:\Users\paion\OneDrive\Desktop\PAGE\PAGE\Engine\PAGE\PAGE\Source\Platform\Win32\SubObject.h(21,12): warning C4251: 'Win32::SubObject::m_Title': class 'std::basic_string<wchar_t,std::char_traits<wchar_t>,std::allocator<wchar_t>>' needs to have dll-interface to be used by clients of class 'Win32::SubObject'
C:\Program Files\Microsoft Visual Studio\2022\Community\VC\Tools\MSVC\14.35.32215\include\xstring(5301,29): message : see declaration of 'std::basic_string<wchar_t,std::char_traits<wchar_t>,std::allocator<wchar_t>>'
C:\Users\paion\OneDrive\Desktop\PAGE\PAGE\Engine\PAGE\PAGE\Source\Platform\Win32\Window.h(10,73): warning C4275: non dll-interface class 'Win32::Caption' used as base for dll-interface class 'Win32::Window'
C:\Users\paion\OneDrive\Desktop\PAGE\PAGE\Engine\PAGE\PAGE\Source\Platform\Win32\w32Caption.h(8,8): message : see declaration of 'Win32::Caption'
C:\Users\paion\OneDrive\Desktop\PAGE\PAGE\Engine\PAGE\PAGE\Source\Platform\Win32\Window.h(10,17): message : see declaration of 'Win32::Window'
  Time.cpp
C:\Users\paion\OneDrive\Desktop\PAGE\PAGE\Engine\PAGE\PAGE\Source\Platform\Win32\SubObject.h(20,12): warning C4251: 'Win32::SubObject::m_Class': class 'std::basic_string<wchar_t,std::char_traits<wchar_t>,std::allocator<wchar_t>>' needs to have dll-interface to be used by clients of class 'Win32::SubObject'
C:\Program Files\Microsoft Visual Studio\2022\Community\VC\Tools\MSVC\14.35.32215\include\xstring(5301,29): message : see declaration of 'std::basic_string<wchar_t,std::char_traits<wchar_t>,std::allocator<wchar_t>>'
C:\Users\paion\OneDrive\Desktop\PAGE\PAGE\Engine\PAGE\PAGE\Source\Platform\Win32\SubObject.h(21,12): warning C4251: 'Win32::SubObject::m_Title': class 'std::basic_string<wchar_t,std::char_traits<wchar_t>,std::allocator<wchar_t>>' needs to have dll-interface to be used by clients of class 'Win32::SubObject'
C:\Program Files\Microsoft Visual Studio\2022\Community\VC\Tools\MSVC\14.35.32215\include\xstring(5301,29): message : see declaration of 'std::basic_string<wchar_t,std::char_traits<wchar_t>,std::allocator<wchar_t>>'
C:\Users\paion\OneDrive\Desktop\PAGE\PAGE\Engine\PAGE\PAGE\Source\Platform\Win32\Window.h(10,73): warning C4275: non dll-interface class 'Win32::Caption' used as base for dll-interface class 'Win32::Window'
C:\Users\paion\OneDrive\Desktop\PAGE\PAGE\Engine\PAGE\PAGE\Source\Platform\Win32\w32Caption.h(8,8): message : see declaration of 'Win32::Caption'
C:\Users\paion\OneDrive\Desktop\PAGE\PAGE\Engine\PAGE\PAGE\Source\Platform\Win32\Window.h(10,17): message : see declaration of 'Win32::Window'
  Core.cpp
C:\Users\paion\OneDrive\Desktop\PAGE\PAGE\Engine\PAGE\PAGE\Source\Platform\Win32\SubObject.h(20,12): warning C4251: 'Win32::SubObject::m_Class': class 'std::basic_string<wchar_t,std::char_traits<wchar_t>,std::allocator<wchar_t>>' needs to have dll-interface to be used by clients of class 'Win32::SubObject'
C:\Program Files\Microsoft Visual Studio\2022\Community\VC\Tools\MSVC\14.35.32215\include\xstring(5301,29): message : see declaration of 'std::basic_string<wchar_t,std::char_traits<wchar_t>,std::allocator<wchar_t>>'
C:\Users\paion\OneDrive\Desktop\PAGE\PAGE\Engine\PAGE\PAGE\Source\Platform\Win32\SubObject.h(21,12): warning C4251: 'Win32::SubObject::m_Title': class 'std::basic_string<wchar_t,std::char_traits<wchar_t>,std::allocator<wchar_t>>' needs to have dll-interface to be used by clients of class 'Win32::SubObject'
C:\Program Files\Microsoft Visual Studio\2022\Community\VC\Tools\MSVC\14.35.32215\include\xstring(5301,29): message : see declaration of 'std::basic_string<wchar_t,std::char_traits<wchar_t>,std::allocator<wchar_t>>'
C:\Users\paion\OneDrive\Desktop\PAGE\PAGE\Engine\PAGE\PAGE\Source\Platform\Win32\Window.h(10,73): warning C4275: non dll-interface class 'Win32::Caption' used as base for dll-interface class 'Win32::Window'
C:\Users\paion\OneDrive\Desktop\PAGE\PAGE\Engine\PAGE\PAGE\Source\Platform\Win32\w32Caption.h(8,8): message : see declaration of 'Win32::Caption'
C:\Users\paion\OneDrive\Desktop\PAGE\PAGE\Engine\PAGE\PAGE\Source\Platform\Win32\Window.h(10,17): message : see declaration of 'Win32::Window'
  CoreDefinitions.cpp
C:\Users\paion\OneDrive\Desktop\PAGE\PAGE\Engine\PAGE\PAGE\Source\Platform\Win32\SubObject.h(20,12): warning C4251: 'Win32::SubObject::m_Class': class 'std::basic_string<wchar_t,std::char_traits<wchar_t>,std::allocator<wchar_t>>' needs to have dll-interface to be used by clients of class 'Win32::SubObject'
C:\Program Files\Microsoft Visual Studio\2022\Community\VC\Tools\MSVC\14.35.32215\include\xstring(5301,29): message : see declaration of 'std::basic_string<wchar_t,std::char_traits<wchar_t>,std::allocator<wchar_t>>'
C:\Users\paion\OneDrive\Desktop\PAGE\PAGE\Engine\PAGE\PAGE\Source\Platform\Win32\SubObject.h(21,12): warning C4251: 'Win32::SubObject::m_Title': class 'std::basic_string<wchar_t,std::char_traits<wchar_t>,std::allocator<wchar_t>>' needs to have dll-interface to be used by clients of class 'Win32::SubObject'
C:\Program Files\Microsoft Visual Studio\2022\Community\VC\Tools\MSVC\14.35.32215\include\xstring(5301,29): message : see declaration of 'std::basic_string<wchar_t,std::char_traits<wchar_t>,std::allocator<wchar_t>>'
C:\Users\paion\OneDrive\Desktop\PAGE\PAGE\Engine\PAGE\PAGE\Source\Platform\Win32\Window.h(10,73): warning C4275: non dll-interface class 'Win32::Caption' used as base for dll-interface class 'Win32::Window'
C:\Users\paion\OneDrive\Desktop\PAGE\PAGE\Engine\PAGE\PAGE\Source\Platform\Win32\w32Caption.h(8,8): message : see declaration of 'Win32::Caption'
C:\Users\paion\OneDrive\Desktop\PAGE\PAGE\Engine\PAGE\PAGE\Source\Platform\Win32\Window.h(10,17): message : see declaration of 'Win32::Window'
  CoreMinimal.cpp
C:\Users\paion\OneDrive\Desktop\PAGE\PAGE\Engine\PAGE\PAGE\Source\Platform\Win32\SubObject.h(20,12): warning C4251: 'Win32::SubObject::m_Class': class 'std::basic_string<wchar_t,std::char_traits<wchar_t>,std::allocator<wchar_t>>' needs to have dll-interface to be used by clients of class 'Win32::SubObject'
C:\Program Files\Microsoft Visual Studio\2022\Community\VC\Tools\MSVC\14.35.32215\include\xstring(5301,29): message : see declaration of 'std::basic_string<wchar_t,std::char_traits<wchar_t>,std::allocator<wchar_t>>'
C:\Users\paion\OneDrive\Desktop\PAGE\PAGE\Engine\PAGE\PAGE\Source\Platform\Win32\SubObject.h(21,12): warning C4251: 'Win32::SubObject::m_Title': class 'std::basic_string<wchar_t,std::char_traits<wchar_t>,std::allocator<wchar_t>>' needs to have dll-interface to be used by clients of class 'Win32::SubObject'
C:\Program Files\Microsoft Visual Studio\2022\Community\VC\Tools\MSVC\14.35.32215\include\xstring(5301,29): message : see declaration of 'std::basic_string<wchar_t,std::char_traits<wchar_t>,std::allocator<wchar_t>>'
C:\Users\paion\OneDrive\Desktop\PAGE\PAGE\Engine\PAGE\PAGE\Source\Platform\Win32\Window.h(10,73): warning C4275: non dll-interface class 'Win32::Caption' used as base for dll-interface class 'Win32::Window'
C:\Users\paion\OneDrive\Desktop\PAGE\PAGE\Engine\PAGE\PAGE\Source\Platform\Win32\w32Caption.h(8,8): message : see declaration of 'Win32::Caption'
C:\Users\paion\OneDrive\Desktop\PAGE\PAGE\Engine\PAGE\PAGE\Source\Platform\Win32\Window.h(10,17): message : see declaration of 'Win32::Window'
  PerGameSettings.cpp
C:\Users\paion\OneDrive\Desktop\PAGE\PAGE\Engine\PAGE\PAGE\Source\Platform\Win32\SubObject.h(20,12): warning C4251: 'Win32::SubObject::m_Class': class 'std::basic_string<wchar_t,std::char_traits<wchar_t>,std::allocator<wchar_t>>' needs to have dll-interface to be used by clients of class 'Win32::SubObject'
C:\Program Files\Microsoft Visual Studio\2022\Community\VC\Tools\MSVC\14.35.32215\include\xstring(5301,29): message : see declaration of 'std::basic_string<wchar_t,std::char_traits<wchar_t>,std::allocator<wchar_t>>'
C:\Users\paion\OneDrive\Desktop\PAGE\PAGE\Engine\PAGE\PAGE\Source\Platform\Win32\SubObject.h(21,12): warning C4251: 'Win32::SubObject::m_Title': class 'std::basic_string<wchar_t,std::char_traits<wchar_t>,std::allocator<wchar_t>>' needs to have dll-interface to be used by clients of class 'Win32::SubObject'
C:\Program Files\Microsoft Visual Studio\2022\Community\VC\Tools\MSVC\14.35.32215\include\xstring(5301,29): message : see declaration of 'std::basic_string<wchar_t,std::char_traits<wchar_t>,std::allocator<wchar_t>>'
C:\Users\paion\OneDrive\Desktop\PAGE\PAGE\Engine\PAGE\PAGE\Source\Platform\Win32\Window.h(10,73): warning C4275: non dll-interface class 'Win32::Caption' used as base for dll-interface class 'Win32::Window'
C:\Users\paion\OneDrive\Desktop\PAGE\PAGE\Engine\PAGE\PAGE\Source\Platform\Win32\w32Caption.h(8,8): message : see declaration of 'Win32::Caption'
C:\Users\paion\OneDrive\Desktop\PAGE\PAGE\Engine\PAGE\PAGE\Source\Platform\Win32\Window.h(10,17): message : see declaration of 'Win32::Window'
C:\Users\paion\OneDrive\Desktop\PAGE\PAGE\Engine\PAGE\PAGE\Source\Core\PerGameSettings.cpp(13,30): warning C4129: 'P': unrecognized character escape sequence
  OEngine.cpp
C:\Users\paion\OneDrive\Desktop\PAGE\PAGE\Engine\PAGE\PAGE\Source\Platform\Win32\SubObject.h(20,12): warning C4251: 'Win32::SubObject::m_Class': class 'std::basic_string<wchar_t,std::char_traits<wchar_t>,std::allocator<wchar_t>>' needs to have dll-interface to be used by clients of class 'Win32::SubObject'
C:\Program Files\Microsoft Visual Studio\2022\Community\VC\Tools\MSVC\14.35.32215\include\xstring(5301,29): message : see declaration of 'std::basic_string<wchar_t,std::char_traits<wchar_t>,std::allocator<wchar_t>>'
C:\Users\paion\OneDrive\Desktop\PAGE\PAGE\Engine\PAGE\PAGE\Source\Platform\Win32\SubObject.h(21,12): warning C4251: 'Win32::SubObject::m_Title': class 'std::basic_string<wchar_t,std::char_traits<wchar_t>,std::allocator<wchar_t>>' needs to have dll-interface to be used by clients of class 'Win32::SubObject'
C:\Program Files\Microsoft Visual Studio\2022\Community\VC\Tools\MSVC\14.35.32215\include\xstring(5301,29): message : see declaration of 'std::basic_string<wchar_t,std::char_traits<wchar_t>,std::allocator<wchar_t>>'
C:\Users\paion\OneDrive\Desktop\PAGE\PAGE\Engine\PAGE\PAGE\Source\Platform\Win32\Window.h(10,73): warning C4275: non dll-interface class 'Win32::Caption' used as base for dll-interface class 'Win32::Window'
C:\Users\paion\OneDrive\Desktop\PAGE\PAGE\Engine\PAGE\PAGE\Source\Platform\Win32\w32Caption.h(8,8): message : see declaration of 'Win32::Caption'
C:\Users\paion\OneDrive\Desktop\PAGE\PAGE\Engine\PAGE\PAGE\Source\Platform\Win32\Window.h(10,17): message : see declaration of 'Win32::Window'
  Simulation.cpp
C:\Users\paion\OneDrive\Desktop\PAGE\PAGE\Engine\PAGE\PAGE\Source\Platform\Win32\SubObject.h(20,12): warning C4251: 'Win32::SubObject::m_Class': class 'std::basic_string<wchar_t,std::char_traits<wchar_t>,std::allocator<wchar_t>>' needs to have dll-interface to be used by clients of class 'Win32::SubObject'
C:\Program Files\Microsoft Visual Studio\2022\Community\VC\Tools\MSVC\14.35.32215\include\xstring(5301,29): message : see declaration of 'std::basic_string<wchar_t,std::char_traits<wchar_t>,std::allocator<wchar_t>>'
C:\Users\paion\OneDrive\Desktop\PAGE\PAGE\Engine\PAGE\PAGE\Source\Platform\Win32\SubObject.h(21,12): warning C4251: 'Win32::SubObject::m_Title': class 'std::basic_string<wchar_t,std::char_traits<wchar_t>,std::allocator<wchar_t>>' needs to have dll-interface to be used by clients of class 'Win32::SubObject'
C:\Program Files\Microsoft Visual Studio\2022\Community\VC\Tools\MSVC\14.35.32215\include\xstring(5301,29): message : see declaration of 'std::basic_string<wchar_t,std::char_traits<wchar_t>,std::allocator<wchar_t>>'
C:\Users\paion\OneDrive\Desktop\PAGE\PAGE\Engine\PAGE\PAGE\Source\Platform\Win32\Window.h(10,73): warning C4275: non dll-interface class 'Win32::Caption' used as base for dll-interface class 'Win32::Window'
C:\Users\paion\OneDrive\Desktop\PAGE\PAGE\Engine\PAGE\PAGE\Source\Platform\Win32\w32Caption.h(8,8): message : see declaration of 'Win32::Caption'
C:\Users\paion\OneDrive\Desktop\PAGE\PAGE\Engine\PAGE\PAGE\Source\Platform\Win32\Window.h(10,17): message : see declaration of 'Win32::Window'
C:\Users\paion\OneDrive\Desktop\PAGE\PAGE\Engine\PAGE\PAGE\Source\Engine\Simulation.cpp(41,3): warning C4060: switch statement contains no 'case' or 'default' labels
  SplashScreen.cpp
C:\Users\paion\OneDrive\Desktop\PAGE\PAGE\Engine\PAGE\PAGE\Source\Platform\Win32\SubObject.h(20,12): warning C4251: 'Win32::SubObject::m_Class': class 'std::basic_string<wchar_t,std::char_traits<wchar_t>,std::allocator<wchar_t>>' needs to have dll-interface to be used by clients of class 'Win32::SubObject'
C:\Program Files\Microsoft Visual Studio\2022\Community\VC\Tools\MSVC\14.35.32215\include\xstring(5301,29): message : see declaration of 'std::basic_string<wchar_t,std::char_traits<wchar_t>,std::allocator<wchar_t>>'
C:\Users\paion\OneDrive\Desktop\PAGE\PAGE\Engine\PAGE\PAGE\Source\Platform\Win32\SubObject.h(21,12): warning C4251: 'Win32::SubObject::m_Title': class 'std::basic_string<wchar_t,std::char_traits<wchar_t>,std::allocator<wchar_t>>' needs to have dll-interface to be used by clients of class 'Win32::SubObject'
C:\Program Files\Microsoft Visual Studio\2022\Community\VC\Tools\MSVC\14.35.32215\include\xstring(5301,29): message : see declaration of 'std::basic_string<wchar_t,std::char_traits<wchar_t>,std::allocator<wchar_t>>'
C:\Users\paion\OneDrive\Desktop\PAGE\PAGE\Engine\PAGE\PAGE\Source\Platform\Win32\Window.h(10,73): warning C4275: non dll-interface class 'Win32::Caption' used as base for dll-interface class 'Win32::Window'
C:\Users\paion\OneDrive\Desktop\PAGE\PAGE\Engine\PAGE\PAGE\Source\Platform\Win32\w32Caption.h(8,8): message : see declaration of 'Win32::Caption'
C:\Users\paion\OneDrive\Desktop\PAGE\PAGE\Engine\PAGE\PAGE\Source\Platform\Win32\Window.h(10,17): message : see declaration of 'Win32::Window'
C:\Users\paion\OneDrive\Desktop\PAGE\PAGE\Engine\PAGE\PAGE\Source\Engine\SplashScreen.cpp(66,92): warning C4267: 'argument': conversion from 'size_t' to 'int', possible loss of data
C:\Users\paion\OneDrive\Desktop\PAGE\PAGE\Engine\PAGE\PAGE\Source\Engine\SplashScreen.cpp(71,88): warning C4267: 'argument': conversion from 'size_t' to 'int', possible loss of data
C:\Users\paion\OneDrive\Desktop\PAGE\PAGE\Engine\PAGE\PAGE\Source\Engine\SplashScreen.cpp(52,13): warning C4101: 'hmemdc': unreferenced local variable
C:\Users\paion\OneDrive\Desktop\PAGE\PAGE\Engine\PAGE\PAGE\Source\Engine\SplashScreen.cpp(51,12): warning C4101: 'hbitmap': unreferenced local variable
  IApplication.cpp
C:\Users\paion\OneDrive\Desktop\PAGE\PAGE\Engine\PAGE\PAGE\Source\Platform\Win32\SubObject.h(20,12): warning C4251: 'Win32::SubObject::m_Class': class 'std::basic_string<wchar_t,std::char_traits<wchar_t>,std::allocator<wchar_t>>' needs to have dll-interface to be used by clients of class 'Win32::SubObject'
C:\Program Files\Microsoft Visual Studio\2022\Community\VC\Tools\MSVC\14.35.32215\include\xstring(5301,29): message : see declaration of 'std::basic_string<wchar_t,std::char_traits<wchar_t>,std::allocator<wchar_t>>'
C:\Users\paion\OneDrive\Desktop\PAGE\PAGE\Engine\PAGE\PAGE\Source\Platform\Win32\SubObject.h(21,12): warning C4251: 'Win32::SubObject::m_Title': class 'std::basic_string<wchar_t,std::char_traits<wchar_t>,std::allocator<wchar_t>>' needs to have dll-interface to be used by clients of class 'Win32::SubObject'
C:\Program Files\Microsoft Visual Studio\2022\Community\VC\Tools\MSVC\14.35.32215\include\xstring(5301,29): message : see declaration of 'std::basic_string<wchar_t,std::char_traits<wchar_t>,std::allocator<wchar_t>>'
C:\Users\paion\OneDrive\Desktop\PAGE\PAGE\Engine\PAGE\PAGE\Source\Platform\Win32\Window.h(10,73): warning C4275: non dll-interface class 'Win32::Caption' used as base for dll-interface class 'Win32::Window'
C:\Users\paion\OneDrive\Desktop\PAGE\PAGE\Engine\PAGE\PAGE\Source\Platform\Win32\w32Caption.h(8,8): message : see declaration of 'Win32::Caption'
C:\Users\paion\OneDrive\Desktop\PAGE\PAGE\Engine\PAGE\PAGE\Source\Platform\Win32\Window.h(10,17): message : see declaration of 'Win32::Window'
  SubObject.cpp
C:\Users\paion\OneDrive\Desktop\PAGE\PAGE\Engine\PAGE\PAGE\Source\Platform\Win32\SubObject.h(20,12): warning C4251: 'Win32::SubObject::m_Class': class 'std::basic_string<wchar_t,std::char_traits<wchar_t>,std::allocator<wchar_t>>' needs to have dll-interface to be used by clients of class 'Win32::SubObject'
C:\Program Files\Microsoft Visual Studio\2022\Community\VC\Tools\MSVC\14.35.32215\include\xstring(5301,29): message : see declaration of 'std::basic_string<wchar_t,std::char_traits<wchar_t>,std::allocator<wchar_t>>'
C:\Users\paion\OneDrive\Desktop\PAGE\PAGE\Engine\PAGE\PAGE\Source\Platform\Win32\SubObject.h(21,12): warning C4251: 'Win32::SubObject::m_Title': class 'std::basic_string<wchar_t,std::char_traits<wchar_t>,std::allocator<wchar_t>>' needs to have dll-interface to be used by clients of class 'Win32::SubObject'
C:\Program Files\Microsoft Visual Studio\2022\Community\VC\Tools\MSVC\14.35.32215\include\xstring(5301,29): message : see declaration of 'std::basic_string<wchar_t,std::char_traits<wchar_t>,std::allocator<wchar_t>>'
C:\Users\paion\OneDrive\Desktop\PAGE\PAGE\Engine\PAGE\PAGE\Source\Platform\Win32\Window.h(10,73): warning C4275: non dll-interface class 'Win32::Caption' used as base for dll-interface class 'Win32::Window'
C:\Users\paion\OneDrive\Desktop\PAGE\PAGE\Engine\PAGE\PAGE\Source\Platform\Win32\w32Caption.h(8,8): message : see declaration of 'Win32::Caption'
C:\Users\paion\OneDrive\Desktop\PAGE\PAGE\Engine\PAGE\PAGE\Source\Platform\Win32\Window.h(10,17): message : see declaration of 'Win32::Window'
  Win32Utils.cpp
C:\Users\paion\OneDrive\Desktop\PAGE\PAGE\Engine\PAGE\PAGE\Source\Platform\Win32\SubObject.h(20,12): warning C4251: 'Win32::SubObject::m_Class': class 'std::basic_string<wchar_t,std::char_traits<wchar_t>,std::allocator<wchar_t>>' needs to have dll-interface to be used by clients of class 'Win32::SubObject'
C:\Program Files\Microsoft Visual Studio\2022\Community\VC\Tools\MSVC\14.35.32215\include\xstring(5301,29): message : see declaration of 'std::basic_string<wchar_t,std::char_traits<wchar_t>,std::allocator<wchar_t>>'
C:\Users\paion\OneDrive\Desktop\PAGE\PAGE\Engine\PAGE\PAGE\Source\Platform\Win32\SubObject.h(21,12): warning C4251: 'Win32::SubObject::m_Title': class 'std::basic_string<wchar_t,std::char_traits<wchar_t>,std::allocator<wchar_t>>' needs to have dll-interface to be used by clients of class 'Win32::SubObject'
C:\Program Files\Microsoft Visual Studio\2022\Community\VC\Tools\MSVC\14.35.32215\include\xstring(5301,29): message : see declaration of 'std::basic_string<wchar_t,std::char_traits<wchar_t>,std::allocator<wchar_t>>'
C:\Users\paion\OneDrive\Desktop\PAGE\PAGE\Engine\PAGE\PAGE\Source\Platform\Win32\Window.h(10,73): warning C4275: non dll-interface class 'Win32::Caption' used as base for dll-interface class 'Win32::Window'
C:\Users\paion\OneDrive\Desktop\PAGE\PAGE\Engine\PAGE\PAGE\Source\Platform\Win32\w32Caption.h(8,8): message : see declaration of 'Win32::Caption'
C:\Users\paion\OneDrive\Desktop\PAGE\PAGE\Engine\PAGE\PAGE\Source\Platform\Win32\Window.h(10,17): message : see declaration of 'Win32::Window'
  Window.cpp
C:\Users\paion\OneDrive\Desktop\PAGE\PAGE\Engine\PAGE\PAGE\Source\Platform\Win32\SubObject.h(20,12): warning C4251: 'Win32::SubObject::m_Class': class 'std::basic_string<wchar_t,std::char_traits<wchar_t>,std::allocator<wchar_t>>' needs to have dll-interface to be used by clients of class 'Win32::SubObject'
C:\Program Files\Microsoft Visual Studio\2022\Community\VC\Tools\MSVC\14.35.32215\include\xstring(5301,29): message : see declaration of 'std::basic_string<wchar_t,std::char_traits<wchar_t>,std::allocator<wchar_t>>'
C:\Users\paion\OneDrive\Desktop\PAGE\PAGE\Engine\PAGE\PAGE\Source\Platform\Win32\SubObject.h(21,12): warning C4251: 'Win32::SubObject::m_Title': class 'std::basic_string<wchar_t,std::char_traits<wchar_t>,std::allocator<wchar_t>>' needs to have dll-interface to be used by clients of class 'Win32::SubObject'
C:\Program Files\Microsoft Visual Studio\2022\Community\VC\Tools\MSVC\14.35.32215\include\xstring(5301,29): message : see declaration of 'std::basic_string<wchar_t,std::char_traits<wchar_t>,std::allocator<wchar_t>>'
C:\Users\paion\OneDrive\Desktop\PAGE\PAGE\Engine\PAGE\PAGE\Source\Platform\Win32\Window.h(10,73): warning C4275: non dll-interface class 'Win32::Caption' used as base for dll-interface class 'Win32::Window'
C:\Users\paion\OneDrive\Desktop\PAGE\PAGE\Engine\PAGE\PAGE\Source\Platform\Win32\w32Caption.h(8,8): message : see declaration of 'Win32::Caption'
C:\Users\paion\OneDrive\Desktop\PAGE\PAGE\Engine\PAGE\PAGE\Source\Platform\Win32\Window.h(10,17): message : see declaration of 'Win32::Window'
C:\Users\paion\OneDrive\Desktop\PAGE\PAGE\Engine\PAGE\PAGE\Source\Platform\Win32\Window.cpp(134,105): warning C4267: 'argument': conversion from 'size_t' to 'int', possible loss of data
C:\Users\paion\OneDrive\Desktop\PAGE\PAGE\Engine\PAGE\PAGE\Source\Platform\Win32\Window.cpp(167,123): warning C4267: 'argument': conversion from 'size_t' to 'int', possible loss of data
  w32Caption.cpp
C:\Users\paion\OneDrive\Desktop\PAGE\PAGE\Engine\PAGE\PAGE\Source\Platform\Win32\SubObject.h(20,12): warning C4251: 'Win32::SubObject::m_Class': class 'std::basic_string<wchar_t,std::char_traits<wchar_t>,std::allocator<wchar_t>>' needs to have dll-interface to be used by clients of class 'Win32::SubObject'
C:\Program Files\Microsoft Visual Studio\2022\Community\VC\Tools\MSVC\14.35.32215\include\xstring(5301,29): message : see declaration of 'std::basic_string<wchar_t,std::char_traits<wchar_t>,std::allocator<wchar_t>>'
C:\Users\paion\OneDrive\Desktop\PAGE\PAGE\Engine\PAGE\PAGE\Source\Platform\Win32\SubObject.h(21,12): warning C4251: 'Win32::SubObject::m_Title': class 'std::basic_string<wchar_t,std::char_traits<wchar_t>,std::allocator<wchar_t>>' needs to have dll-interface to be used by clients of class 'Win32::SubObject'
C:\Program Files\Microsoft Visual Studio\2022\Community\VC\Tools\MSVC\14.35.32215\include\xstring(5301,29): message : see declaration of 'std::basic_string<wchar_t,std::char_traits<wchar_t>,std::allocator<wchar_t>>'
C:\Users\paion\OneDrive\Desktop\PAGE\PAGE\Engine\PAGE\PAGE\Source\Platform\Win32\Window.h(10,73): warning C4275: non dll-interface class 'Win32::Caption' used as base for dll-interface class 'Win32::Window'
C:\Users\paion\OneDrive\Desktop\PAGE\PAGE\Engine\PAGE\PAGE\Source\Platform\Win32\w32Caption.h(8,8): message : see declaration of 'Win32::Caption'
C:\Users\paion\OneDrive\Desktop\PAGE\PAGE\Engine\PAGE\PAGE\Source\Platform\Win32\Window.h(10,17): message : see declaration of 'Win32::Window'
  page.cpp
C:\Users\paion\OneDrive\Desktop\PAGE\PAGE\Engine\PAGE\PAGE\Source\Platform\Win32\SubObject.h(20,12): warning C4251: 'Win32::SubObject::m_Class': class 'std::basic_string<wchar_t,std::char_traits<wchar_t>,std::allocator<wchar_t>>' needs to have dll-interface to be used by clients of class 'Win32::SubObject'
C:\Program Files\Microsoft Visual Studio\2022\Community\VC\Tools\MSVC\14.35.32215\include\xstring(5301,29): message : see declaration of 'std::basic_string<wchar_t,std::char_traits<wchar_t>,std::allocator<wchar_t>>'
C:\Users\paion\OneDrive\Desktop\PAGE\PAGE\Engine\PAGE\PAGE\Source\Platform\Win32\SubObject.h(21,12): warning C4251: 'Win32::SubObject::m_Title': class 'std::basic_string<wchar_t,std::char_traits<wchar_t>,std::allocator<wchar_t>>' needs to have dll-interface to be used by clients of class 'Win32::SubObject'
C:\Program Files\Microsoft Visual Studio\2022\Community\VC\Tools\MSVC\14.35.32215\include\xstring(5301,29): message : see declaration of 'std::basic_string<wchar_t,std::char_traits<wchar_t>,std::allocator<wchar_t>>'
C:\Users\paion\OneDrive\Desktop\PAGE\PAGE\Engine\PAGE\PAGE\Source\Platform\Win32\Window.h(10,73): warning C4275: non dll-interface class 'Win32::Caption' used as base for dll-interface class 'Win32::Window'
C:\Users\paion\OneDrive\Desktop\PAGE\PAGE\Engine\PAGE\PAGE\Source\Platform\Win32\w32Caption.h(8,8): message : see declaration of 'Win32::Caption'
C:\Users\paion\OneDrive\Desktop\PAGE\PAGE\Engine\PAGE\PAGE\Source\Platform\Win32\Window.h(10,17): message : see declaration of 'Win32::Window'
     Creating library C:\Users\paion\OneDrive\Desktop\PAGE\PAGE\Engine\PAGE\\Build\Debug\PAGE.lib and object C:\Users\paion\OneDrive\Desktop\PAGE\PAGE\Engine\PAGE\\Build\Debug\PAGE.exp
  PAGE.vcxproj -> C:\Users\paion\OneDrive\Desktop\PAGE\PAGE\Engine\PAGE\Build\Debug\PAGE.dll
